<?xml version="1.0" encoding="UTF-8"?>
<!-- Generated by org.testng.reporters.JUnitReportReporter -->
<testsuite hostname="Saketh" failures="0" tests="1" name="saisaketh.Appium.appiumbasics" time="12.018" errors="0" timestamp="2023-05-06T16:16:28 IST" skipped="0">
  <testcase classname="saisaketh.Appium.appiumbasics" name="appiumbasics" time="12.018"/>
  <system-out/>
</testsuite> <!-- saisaketh.Appium.appiumbasics -->
