<?xml version="1.0" encoding="UTF-8"?>
<!-- Generated by org.testng.reporters.JUnitReportReporter -->
<testsuite hostname="Saketh" failures="0" tests="1" name="saisaketh.Appium.Gestures" time="3.938" errors="0" timestamp="2023-05-08T21:30:22 IST" skipped="0">
  <testcase classname="saisaketh.Appium.Gestures" name="drag_drop" time="3.938"/>
  <system-out/>
</testsuite> <!-- saisaketh.Appium.Gestures -->
