<?xml version="1.0" encoding="UTF-8"?>
<!-- Generated by org.testng.reporters.JUnitReportReporter -->
<testsuite hostname="Saketh" failures="0" tests="1" name="saisaketh.Appium.formpagetests" time="4.199" errors="0" timestamp="2023-06-01T23:44:14 IST" skipped="0">
  <testcase classname="saisaketh.Appium.formpagetests" name="toastmessagecheck" time="4.199"/>
  <system-out/>
</testsuite> <!-- saisaketh.Appium.formpagetests -->
