<?xml version="1.0" encoding="UTF-8"?>
<!-- Generated by org.testng.reporters.JUnitReportReporter -->
<testsuite hostname="Saketh" failures="0" tests="1" name="saisaketh.Appium.MiscallaneousActivities" time="12.212" errors="0" timestamp="2023-05-09T22:00:06 IST" skipped="0">
  <testcase classname="saisaketh.Appium.MiscallaneousActivities" name="clickingonelement" time="12.212"/>
  <system-out/>
</testsuite> <!-- saisaketh.Appium.MiscallaneousActivities -->
