<?xml version="1.0" encoding="UTF-8"?>
<!-- Generated by org.testng.reporters.JUnitReportReporter -->
<testsuite hostname="Saketh" failures="0" tests="1" name="saisaketh.Appium.Appiumfirst_basics" time="7.654" errors="0" timestamp="2023-05-07T16:08:19 IST" skipped="0">
  <testcase classname="saisaketh.Appium.Appiumfirst_basics" name="clickingonelement" time="7.654"/>
  <system-out/>
</testsuite> <!-- saisaketh.Appium.Appiumfirst_basics -->
