<?xml version="1.0" encoding="UTF-8"?>
<!-- Generated by org.testng.reporters.JUnitReportReporter -->
<testsuite skipped="4" hostname="Saketh" name="saisaketh.Appium.formpagetests" tests="5" failures="0" timestamp="01 Jun 2023 18:45:32 GMT" time="0.035" errors="1">
  <testcase name="appiumbasics" time="0.035" classname="saisaketh.Appium.formpagetests">
    <error type="java.lang.AbstractMethodError" message="org.openqa.selenium.remote.service.DriverService$Builder.loadSystemProperties()V">
      <![CDATA[java.lang.AbstractMethodError: org.openqa.selenium.remote.service.DriverService$Builder.loadSystemProperties()V
at org.openqa.selenium.remote.service.DriverService$Builder.build(DriverService.java:496)
at configurations.Appiumconfigure.appiumstart(Appiumconfigure.java:66)
at configurations.Appiumconfigure.appiumbasics(Appiumconfigure.java:44)
at sun.reflect.NativeMethodAccessorImpl.invoke0(Native Method)
at sun.reflect.NativeMethodAccessorImpl.invoke(NativeMethodAccessorImpl.java:62)
at sun.reflect.DelegatingMethodAccessorImpl.invoke(DelegatingMethodAccessorImpl.java:43)
at java.lang.reflect.Method.invoke(Method.java:498)
at org.testng.internal.MethodInvocationHelper.invokeMethod(MethodInvocationHelper.java:124)
at org.testng.internal.MethodInvocationHelper.invokeMethodConsideringTimeout(MethodInvocationHelper.java:59)
at org.testng.internal.Invoker.invokeConfigurationMethod(Invoker.java:458)
at org.testng.internal.Invoker.invokeConfigurations(Invoker.java:222)
at org.testng.internal.Invoker.invokeConfigurations(Invoker.java:142)
at org.testng.internal.TestMethodWorker.invokeBeforeClassMethods(TestMethodWorker.java:168)
at org.testng.internal.TestMethodWorker.run(TestMethodWorker.java:105)
at org.testng.TestRunner.privateRun(TestRunner.java:648)
at org.testng.TestRunner.run(TestRunner.java:505)
at org.testng.SuiteRunner.runTest(SuiteRunner.java:455)
at org.testng.SuiteRunner.runSequentially(SuiteRunner.java:450)
at org.testng.SuiteRunner.privateRun(SuiteRunner.java:415)
at org.testng.SuiteRunner.run(SuiteRunner.java:364)
at org.testng.SuiteRunnerWorker.runSuite(SuiteRunnerWorker.java:52)
at org.testng.SuiteRunnerWorker.run(SuiteRunnerWorker.java:84)
at org.testng.TestNG.runSuitesSequentially(TestNG.java:1208)
at org.testng.TestNG.runSuitesLocally(TestNG.java:1137)
at org.testng.TestNG.runSuites(TestNG.java:1049)
at org.testng.TestNG.run(TestNG.java:1017)
at org.apache.maven.surefire.testng.TestNGExecutor.run(TestNGExecutor.java:308)
at org.apache.maven.surefire.testng.TestNGXmlTestSuite.execute(TestNGXmlTestSuite.java:71)
at org.apache.maven.surefire.testng.TestNGProvider.invoke(TestNGProvider.java:113)
at org.apache.maven.surefire.booter.ForkedBooter.runSuitesInProcess(ForkedBooter.java:385)
at org.apache.maven.surefire.booter.ForkedBooter.execute(ForkedBooter.java:162)
at org.apache.maven.surefire.booter.ForkedBooter.run(ForkedBooter.java:507)
at org.apache.maven.surefire.booter.ForkedBooter.main(ForkedBooter.java:495)
]]>
    </error>
  </testcase> <!-- appiumbasics -->
  <testcase name="toastmessagecheck" time="0.000" classname="saisaketh.Appium.formpagetests">
    <skipped/>
  </testcase> <!-- toastmessagecheck -->
  <testcase name="formpagesubmit" time="0.000" classname="saisaketh.Appium.formpagetests">
    <skipped/>
  </testcase> <!-- formpagesubmit -->
  <testcase name="formpagesubmit" time="0.000" classname="saisaketh.Appium.formpagetests">
    <skipped/>
  </testcase> <!-- formpagesubmit -->
  <testcase name="formpagesubmit" time="0.000" classname="saisaketh.Appium.formpagetests">
    <skipped/>
  </testcase> <!-- formpagesubmit -->
</testsuite> <!-- saisaketh.Appium.formpagetests -->
